<?xml version="1.0" encoding="UTF-8"?>
<!-- Generated by org.testng.reporters.JUnitReportReporter -->
<testsuite hostname="Ace-PC" name="com.toolsqa.framework.tests.TestNG_002" tests="2" failures="0" timestamp="16 Oct 2015 02:06:13 GMT" time="0.002" errors="0">
  <testcase name="run" time="0.001" classname="com.toolsqa.framework.tests.TestNG_002"/>
  <testcase name="run" time="0.001" classname="com.toolsqa.framework.tests.TestNG_002"/>
</testsuite> <!-- com.toolsqa.framework.tests.TestNG_002 -->
