<?xml version="1.0" encoding="UTF-8"?>
<!-- Generated by org.testng.reporters.JUnitReportReporter -->
<testsuite hostname="Ace-PC" name="com.toolsqa.framework.tests.TestNG_001" tests="6" failures="0" timestamp="14 Oct 2015 04:05:25 GMT" time="0.005" errors="0">
  <testcase name="testRun2" time="0.000" classname="com.toolsqa.framework.tests.TestNG_001"/>
  <testcase name="testRun1" time="0.000" classname="com.toolsqa.framework.tests.TestNG_001"/>
  <testcase name="testRun2" time="0.002" classname="com.toolsqa.framework.tests.TestNG_001"/>
  <testcase name="testRun1" time="0.000" classname="com.toolsqa.framework.tests.TestNG_001"/>
  <testcase name="testRun1" time="0.000" classname="com.toolsqa.framework.tests.TestNG_001"/>
  <testcase name="testRun2" time="0.003" classname="com.toolsqa.framework.tests.TestNG_001"/>
</testsuite> <!-- com.toolsqa.framework.tests.TestNG_001 -->
