<?xml version="1.0" encoding="UTF-8"?>
<!-- Generated by org.testng.reporters.JUnitReportReporter -->
<testsuite hostname="Ace-PC" name="com.toolsqa.framework.tests.TestNG_001" tests="2" failures="0" timestamp="16 Oct 2015 02:06:13 GMT" time="0.004" errors="0">
  <testcase name="testRun1" time="0.000" classname="com.toolsqa.framework.tests.TestNG_001"/>
  <testcase name="testRun2" time="0.004" classname="com.toolsqa.framework.tests.TestNG_001"/>
</testsuite> <!-- com.toolsqa.framework.tests.TestNG_001 -->
