<?xml version="1.0" encoding="UTF-8"?>
<!-- Generated by org.testng.reporters.JUnitReportReporter -->
<testsuite hostname="Ace-PC" name="com.toolsqa.framework.tests.TestNG_003" tests="3" failures="0" timestamp="16 Oct 2015 02:06:13 GMT" time="0.008" errors="0">
  <testcase name="validateDiscountText" time="0.005" classname="com.toolsqa.framework.tests.TestNG_003"/>
  <testcase name="run1" time="0.001" classname="com.toolsqa.framework.tests.TestNG_003"/>
  <testcase name="run3" time="0.002" classname="com.toolsqa.framework.tests.TestNG_003"/>
</testsuite> <!-- com.toolsqa.framework.tests.TestNG_003 -->
