<?xml version="1.0" encoding="UTF-8"?>
<!-- Generated by org.testng.reporters.JUnitReportReporter -->
<testsuite hostname="Ace-PC" name="com.toolsqa.framework.tests.TestNG_003" tests="3" failures="0" timestamp="15 Oct 2015 20:07:48 GMT" time="0.015" errors="0">
  <testcase name="validateDiscountText" time="0.015" classname="com.toolsqa.framework.tests.TestNG_003"/>
  <testcase name="run1" time="0.000" classname="com.toolsqa.framework.tests.TestNG_003"/>
  <testcase name="run3" time="0.000" classname="com.toolsqa.framework.tests.TestNG_003"/>
</testsuite> <!-- com.toolsqa.framework.tests.TestNG_003 -->
